<?xml version="1.0" encoding="UTF-8"?>
<!-- Generated by org.testng.reporters.JUnitXMLReporter -->
<testsuite ignored="1" hostname="IlhamImani" failures="0" tests="1" name="Default test" time="20.387" errors="0" timestamp="2024-08-14T22:43:56 WIB">
  <testcase classname="com.codenbox.Appium.GeneralStoreTest" name="ToastMsgTest" time="5.445"/>
  <testcase classname="com.codenbox.Appium.GeneralStoreTest" name="DropdownTest" time="0.0">
    <ignored/>
  </testcase> <!-- DropdownTest -->
</testsuite> <!-- Default test -->
