<?xml version="1.0" encoding="UTF-8"?>
<!-- Generated by org.testng.reporters.JUnitXMLReporter -->
<testsuite ignored="0" hostname="IlhamImani" failures="2" tests="2" name="RegressionTests" time="0.104" errors="0" timestamp="2024-08-14T22:32:12 WIB">
  <testcase classname="com.codenbox.Appium.GeneralStoreTest" name="DropdownTest" time="0.043">
    <failure type="java.lang.NullPointerException" message="Cannot invoke &amp;quot;io.appium.java_client.android.AndroidDriver.findElement(org.openqa.selenium.By)&amp;quot; because &amp;quot;this.driver&amp;quot; is null">
      <![CDATA[java.lang.NullPointerException: Cannot invoke "io.appium.java_client.android.AndroidDriver.findElement(org.openqa.selenium.By)" because "this.driver" is null
at com.codenbox.Appium.GeneralStoreTest.DropdownTest(GeneralStoreTest.java:12)
at java.base/java.util.ArrayList.forEach(ArrayList.java:1511)
... Removed 27 stack frames]]>
    </failure>
  </testcase> <!-- DropdownTest -->
  <testcase classname="com.codenbox.Appium.GeneralStoreTest" name="ToastMsgTest" time="0.002">
    <failure type="java.lang.NullPointerException" message="Cannot invoke &amp;quot;io.appium.java_client.android.AndroidDriver.findElement(org.openqa.selenium.By)&amp;quot; because &amp;quot;this.driver&amp;quot; is null">
      <![CDATA[java.lang.NullPointerException: Cannot invoke "io.appium.java_client.android.AndroidDriver.findElement(org.openqa.selenium.By)" because "this.driver" is null
at com.codenbox.Appium.GeneralStoreTest.ToastMsgTest(GeneralStoreTest.java:25)
at java.base/java.util.ArrayList.forEach(ArrayList.java:1511)
... Removed 27 stack frames]]>
    </failure>
  </testcase> <!-- ToastMsgTest -->
</testsuite> <!-- RegressionTests -->
