<?xml version="1.0" encoding="UTF-8"?>
<!-- Generated by org.testng.reporters.JUnitXMLReporter -->
<testsuite ignored="2" hostname="IlhamImani" failures="0" tests="0" time="0.029" errors="0" timestamp="2024-08-14T22:32:12 WIB">
  <testcase classname="com.codenbox.Appium.GeneralStoreTest" name="ToastMsgTest" time="0.0">
    <ignored/>
  </testcase> <!-- ToastMsgTest -->
  <testcase classname="com.codenbox.Appium.GeneralStoreTest" name="DropdownTest" time="0.0">
    <ignored/>
  </testcase> <!-- DropdownTest -->
</testsuite>
