<?xml version="1.0" encoding="UTF-8"?>
<testng-results ignored="0" total="1" passed="1" failed="0" skipped="0">
  <reporter-output>
  </reporter-output>
  <suite started-at="2024-08-07T00:31:37 WIB" name="Default suite" finished-at="2024-08-07T00:31:55 WIB" duration-ms="17724">
    <groups>
    </groups>
    <test started-at="2024-08-07T00:31:37 WIB" name="Default test" finished-at="2024-08-07T00:31:55 WIB" duration-ms="17724">
      <class name="com.codenbox.Appium.ScrollTest">
        <test-method is-config="true" signature="configureAppium()[pri:0, instance:com.codenbox.Appium.ScrollTest@5b1669c0]" started-at="2024-08-07T00:31:37 WIB" name="configureAppium" finished-at="2024-08-07T00:31:46 WIB" duration-ms="8831" status="PASS">
          <reporter-output>
          </reporter-output>
        </test-method> <!-- configureAppium -->
        <test-method signature="scrollTest()[pri:0, instance:com.codenbox.Appium.ScrollTest@5b1669c0]" started-at="2024-08-07T00:31:46 WIB" name="scrollTest" finished-at="2024-08-07T00:31:54 WIB" duration-ms="8350" status="PASS">
          <reporter-output>
          </reporter-output>
        </test-method> <!-- scrollTest -->
        <test-method is-config="true" signature="tearDown()[pri:0, instance:com.codenbox.Appium.ScrollTest@5b1669c0]" started-at="2024-08-07T00:31:54 WIB" name="tearDown" finished-at="2024-08-07T00:31:55 WIB" duration-ms="488" status="PASS">
          <reporter-output>
          </reporter-output>
        </test-method> <!-- tearDown -->
      </class> <!-- com.codenbox.Appium.ScrollTest -->
    </test> <!-- Default test -->
  </suite> <!-- Default suite -->
</testng-results>
