<?xml version="1.0" encoding="UTF-8"?>
<!-- Generated by org.testng.reporters.JUnitReportReporter -->
<testsuite hostname="IlhamImani" failures="0" tests="2" name="com.codenbox.Appium.GeneralStoreTest" time="5.445" errors="0" timestamp="2024-08-14T22:43:56 WIB" skipped="1">
  <testcase classname="com.codenbox.Appium.GeneralStoreTest" name="ToastMsgTest" time="5.445"/>
  <system-out/>
  <testcase classname="com.codenbox.Appium.GeneralStoreTest" name="DropdownTest">
    <skipped/>
  </testcase> <!-- DropdownTest -->
  <system-out/>
</testsuite> <!-- com.codenbox.Appium.GeneralStoreTest -->
